Using pre-set license
Built from '2020.3/staging' branch; Version is '2020.3.26f1 (7298b473bc1a) revision 7510196'; Using compiler version '192528614'; Build Type 'Release'
OS: 'Windows 10  (10.0.19044) 64bit Professional' Language: 'en' Physical Memory: 8092 MB
BatchMode: 1, IsHumanControllingUs: 0, StartBugReporterOnCrash: 0, Is64bit: 1, IsPro: 0

COMMAND LINE ARGUMENTS:
C:\Program Files\Unity\Hub\Editor\2020.3.26f1\Editor\Unity.exe
-adb2
-batchMode
-noUpm
-name
AssetImportWorker0
-projectPath
C:/Users/BAL_Aut_Swap_2/Documents/The-Machine-to-be-Another-Unity
-logFile
Logs/AssetImportWorker0.log
-srvPort
65305
Successfully changed project path to: C:/Users/BAL_Aut_Swap_2/Documents/The-Machine-to-be-Another-Unity
C:/Users/BAL_Aut_Swap_2/Documents/The-Machine-to-be-Another-Unity
Using Asset Import Pipeline V2.
Refreshing native plugins compatible for Editor in 144.50 ms, found 11 plugins.
Preloading 1 native plugins for Editor in 1.51 ms.
Initialize engine version: 2020.3.26f1 (7298b473bc1a)
[Subsystems] Discovering subsystems at path C:/Program Files/Unity/Hub/Editor/2020.3.26f1/Editor/Data/Resources/UnitySubsystems
[Subsystems] Discovering subsystems at path C:/Users/BAL_Aut_Swap_2/Documents/The-Machine-to-be-Another-Unity/Assets
GfxDevice: creating device client; threaded=0
Direct3D:
    Version:  Direct3D 11.0 [level 11.1]
    Renderer: NVIDIA GeForce GTX 970 (ID=0x13c2)
    Vendor:   
    VRAM:     4043 MB
    Driver:   31.0.15.1694
Initialize mono
Mono path[0] = 'C:/Program Files/Unity/Hub/Editor/2020.3.26f1/Editor/Data/Managed'
Mono path[1] = 'C:/Program Files/Unity/Hub/Editor/2020.3.26f1/Editor/Data/MonoBleedingEdge/lib/mono/unityjit'
Mono config path = 'C:/Program Files/Unity/Hub/Editor/2020.3.26f1/Editor/Data/MonoBleedingEdge/etc'
Using monoOptions --debugger-agent=transport=dt_socket,embedding=1,server=y,suspend=n,address=127.0.0.1:56532
Begin MonoManager ReloadAssembly
Registering precompiled unity dll's ...
Register platform support module: C:/Program Files/Unity/Hub/Editor/2020.3.26f1/Editor/Data/PlaybackEngines/WindowsStandaloneSupport/UnityEditor.WindowsStandalone.Extensions.dll
Registered in 0.002942 seconds.
Native extension for WindowsStandalone target not found
Refreshing native plugins compatible for Editor in 108.38 ms, found 11 plugins.
Preloading 1 native plugins for Editor in 0.26 ms.
Mono: successfully reloaded assembly
- Completed reload, in  0.834 seconds
Domain Reload Profiling:
	ReloadAssembly (835ms)
		BeginReloadAssembly (73ms)
			ExecutionOrderSort (0ms)
			DisableScriptedObjects (0ms)
			BackupInstance (0ms)
			ReleaseScriptingObjects (0ms)
			CreateAndSetChildDomain (1ms)
		EndReloadAssembly (652ms)
			LoadAssemblies (71ms)
			RebuildTransferFunctionScriptingTraits (0ms)
			SetupTypeCache (210ms)
			ReleaseScriptCaches (0ms)
			RebuildScriptCaches (37ms)
			SetupLoadedEditorAssemblies (270ms)
				LogAssemblyErrors (0ms)
				InitializePlatformSupportModulesInManaged (5ms)
				SetLoadedEditorAssemblies (0ms)
				RefreshPlugins (109ms)
				BeforeProcessingInitializeOnLoad (16ms)
				ProcessInitializeOnLoadAttributes (104ms)
				ProcessInitializeOnLoadMethodAttributes (36ms)
				AfterProcessingInitializeOnLoad (0ms)
				EditorAssembliesLoaded (0ms)
			ExecutionOrderSort2 (0ms)
			AwakeInstancesAfterBackupRestoration (0ms)
Platform modules already initialized, skipping
Registering precompiled user dll's ...
Registered in 0.022725 seconds.
Begin MonoManager ReloadAssembly
Symbol file LoadedFromMemory doesn't match image C:\Users\BAL_Aut_Swap_2\Documents\The-Machine-to-be-Another-Unity\Assets\WebRtcVideoChat\Plugins\Byn.Awrtc.Native.dll
Symbol file LoadedFromMemory doesn't match image C:\Users\BAL_Aut_Swap_2\Documents\The-Machine-to-be-Another-Unity\Assets\WebRtcVideoChat\Plugins\WebRtcCSharp.dll
Symbol file LoadedFromMemory doesn't match image C:\Users\BAL_Aut_Swap_2\Documents\The-Machine-to-be-Another-Unity\Assets\WebRtcVideoChat\Plugins\Byn.Awrtc.dll
Native extension for WindowsStandalone target not found
Refreshing native plugins compatible for Editor in 1.63 ms, found 11 plugins.
Preloading 1 native plugins for Editor in 0.13 ms.
[XR] OculusXRPlugin: registering subsystems
[XR] Unable to register display lifecyle provider: [1]
[XR] Oculus Input lifecycle provider registered.
[XR] Unable to register input lifecyle provider: [1]
System.Reflection.TargetInvocationException: Exception has been thrown by the target of an invocation. ---> System.NullReferenceException: Object reference not set to an instance of an object
  at Unity.XR.Oculus.OculusLoader.AssetPathToAbsolutePath (System.String assetPath) [0x00048] in C:\Users\BAL_Aut_Swap_2\Documents\The-Machine-to-be-Another-Unity\Library\PackageCache\com.unity.xr.oculus@1.11.2\Runtime\OculusLoader.cs:250 
  at Unity.XR.Oculus.OculusLoader.EditorLoadOVRPlugin () [0x0007b] in C:\Users\BAL_Aut_Swap_2\Documents\The-Machine-to-be-Another-Unity\Library\PackageCache\com.unity.xr.oculus@1.11.2\Runtime\OculusLoader.cs:235 
  at (wrapper managed-to-native) System.Reflection.MonoMethod.InternalInvoke(System.Reflection.MonoMethod,object,object[],System.Exception&)
  at System.Reflection.MonoMethod.Invoke (System.Object obj, System.Reflection.BindingFlags invokeAttr, System.Reflection.Binder binder, System.Object[] parameters, System.Globalization.CultureInfo culture) [0x00032] in <695d1cc93cca45069c528c15c9fdd749>:0 
   --- End of inner exception stack trace ---
  at System.Reflection.MonoMethod.Invoke (System.Object obj, System.Reflection.BindingFlags invokeAttr, System.Reflection.Binder binder, System.Object[] parameters, System.Globalization.CultureInfo culture) [0x00048] in <695d1cc93cca45069c528c15c9fdd749>:0 
  at System.Reflection.MethodBase.Invoke (System.Object obj, System.Object[] parameters) [0x00000] in <695d1cc93cca45069c528c15c9fdd749>:0 
  at UnityEditor.EditorAssemblies.ProcessInitializeOnLoadMethodAttributes () [0x00047] in <55729f52d042492e9efc384182ae2feb>:0 
UnityEngine.StackTraceUtility:ExtractStackTrace ()
UnityEngine.DebugLogHandler:LogFormat (UnityEngine.LogType,UnityEngine.Object,string,object[])
UnityEngine.Logger:Log (UnityEngine.LogType,object)
UnityEngine.Debug:LogError (object)
UnityEditor.EditorAssemblies:ProcessInitializeOnLoadMethodAttributes ()

Find all reader and writers took 174 milliseconds
Script Module: UnityEngine.UI.dll
Weave sync objects took 11 milliseconds
Weave behaviours and messages took44 milliseconds
Find all reader and writers took 138 milliseconds
Script Module: SteamVR.dll
Weave sync objects took 31 milliseconds
Weave behaviours and messages took54 milliseconds
Find all reader and writers took 143 milliseconds
Script Module: UnityEngine.TestRunner.dll
Weave sync objects took 10 milliseconds
Weave behaviours and messages took15 milliseconds
Find all reader and writers took 138 milliseconds
Script Module: UnityEngine.Purchasing.WinRTCore.dll
Weave sync objects took 0 milliseconds
Weave behaviours and messages took0 milliseconds
Find all reader and writers took 136 milliseconds
Script Module: UnityEngine.XR.LegacyInputHelpers.dll
Weave sync objects took 9 milliseconds
Weave behaviours and messages took10 milliseconds
Find all reader and writers took 142 milliseconds
Script Module: UnityEngine.Monetization.dll
Weave sync objects took 14 milliseconds
Weave behaviours and messages took14 milliseconds
Find all reader and writers took 138 milliseconds
Script Module: Unity.XR.OpenVR.dll
Weave sync objects took 10 milliseconds
Weave behaviours and messages took11 milliseconds
Find all reader and writers took 136 milliseconds
Script Module: Unity.XR.Oculus.dll
Weave sync objects took 9 milliseconds
Weave behaviours and messages took10 milliseconds
Find all reader and writers took 137 milliseconds
Script Module: UnityEngine.Purchasing.AppleCore.dll
Weave sync objects took 0 milliseconds
Weave behaviours and messages took0 milliseconds
Find all reader and writers took 135 milliseconds
Script Module: Mirror.Components.dll
Weave sync objects took 9 milliseconds
[NetworkVisibility] Found NetworkBehaviour Mirror.NetworkVisibility
[NetworkVisibility] NetworkBehaviourProcessor
[NetworkVisibility] Process Start
[NetworkVisibility]   GenerateSerialization
[NetworkVisibility]   GenerateDeSerialization
[NetworkVisibility] Process Done
[ServerRequest] MessageClassProcessor Start
[ServerRequest]   GenerateSerialization
[ServerRequest]   GenerateDeserialization
[ServerRequest] MessageClassProcessor Done
[ServerResponse] MessageClassProcessor Start
[ServerResponse]   GenerateSerialization
[ServerResponse]   GenerateDeserialization
[ServerResponse] MessageClassProcessor Done
Weave behaviours and messages took47 milliseconds
  ProcessSitesModule Mirror.Components.dll elapsed time:00:00:00.0245961
Find all reader and writers took 137 milliseconds
Script Module: Unity.TextMeshPro.dll
Weave sync objects took 32 milliseconds
Weave behaviours and messages took38 milliseconds
Find all reader and writers took 133 milliseconds
Script Module: UnityEngine.Advertisements.dll
Weave sync objects took 10 milliseconds
Weave behaviours and messages took18 milliseconds
Find all reader and writers took 141 milliseconds
Script Module: UnityEngine.Purchasing.Stores.dll
Weave sync objects took 15 milliseconds
Weave behaviours and messages took17 milliseconds
Find all reader and writers took 134 milliseconds
Script Module: Unity.Timeline.dll
Weave sync objects took 9 milliseconds
Weave behaviours and messages took10 milliseconds
Find all reader and writers took 139 milliseconds
Script Module: UnityEngine.Purchasing.dll
Weave sync objects took 0 milliseconds
Weave behaviours and messages took0 milliseconds
Find all reader and writers took 138 milliseconds
Script Module: wrtc.dll
Weave sync objects took 13 milliseconds
Weave behaviours and messages took20 milliseconds
Find all reader and writers took 142 milliseconds
Script Module: Ninja.WebSockets.dll
Weave sync objects took 4 milliseconds
Weave behaviours and messages took4 milliseconds
Find all reader and writers took 144 milliseconds
Script Module: Mirror.Examples.dll
Weave sync objects took 14 milliseconds
[CreatePlayerMessage] MessageClassProcessor Start
[CreatePlayerMessage]   GenerateSerialization
[CreatePlayerMessage]   GenerateDeserialization
[CreatePlayerMessage] MessageClassProcessor Done
Weave behaviours and messages took17 milliseconds
  ProcessSitesModule Mirror.Examples.dll elapsed time:00:00:00.0146820
Find all reader and writers took 140 milliseconds
Script Module: UnityEngine.Purchasing.SecurityStub.dll
Weave sync objects took 0 milliseconds
Weave behaviours and messages took1 milliseconds
Find all reader and writers took 135 milliseconds
Script Module: Purchasing.Common.dll
Weave sync objects took 0 milliseconds
Weave behaviours and messages took0 milliseconds
Find all reader and writers took 142 milliseconds
Script Module: Assembly-CSharp-firstpass.dll
Weave sync objects took 11 milliseconds
Weave behaviours and messages took16 milliseconds
Find all reader and writers took 144 milliseconds
Script Module: Unity.XR.Management.dll
Weave sync objects took 12 milliseconds
Weave behaviours and messages took12 milliseconds
Find all reader and writers took 132 milliseconds
Script Module: UnityEngine.Purchasing.SecurityCore.dll
Weave sync objects took 0 milliseconds
Weave behaviours and messages took0 milliseconds
Find all reader and writers took 142 milliseconds
Script Module: awrtc_browser.dll
Weave sync objects took 7 milliseconds
Weave behaviours and messages took8 milliseconds
Find all reader and writers took 134 milliseconds
Script Module: UnityEngine.Purchasing.WinRTStub.dll
Weave sync objects took 0 milliseconds
Weave behaviours and messages took0 milliseconds
Find all reader and writers took 146 milliseconds
Script Module: UnityEngine.Purchasing.AppleMacosStub.dll
Weave sync objects took 0 milliseconds
Weave behaviours and messages took0 milliseconds
Find all reader and writers took 136 milliseconds
Script Module: Unity.Analytics.DataPrivacy.dll
Weave sync objects took 11 milliseconds
Weave behaviours and messages took12 milliseconds
Find all reader and writers took 132 milliseconds
Script Module: UnityEngine.SpatialTracking.dll
Weave sync objects took 14 milliseconds
Weave behaviours and messages took14 milliseconds
Find all reader and writers took 137 milliseconds
Script Module: Mirror.Authenticators.dll
Weave sync objects took 13 milliseconds
[AuthRequestMessage] MessageClassProcessor Start
[AuthRequestMessage]   GenerateSerialization
[AuthRequestMessage]   GenerateDeserialization
[AuthRequestMessage] MessageClassProcessor Done
[AuthResponseMessage] MessageClassProcessor Start
[AuthResponseMessage]   GenerateSerialization
[AuthResponseMessage]   GenerateDeserialization
[AuthResponseMessage] MessageClassProcessor Done
Weave behaviours and messages took14 milliseconds
  ProcessSitesModule Mirror.Authenticators.dll elapsed time:00:00:00.0009983
Find all reader and writers took 134 milliseconds
Script Module: UnityEngine.Purchasing.Codeless.dll
Weave sync objects took 13 milliseconds
Weave behaviours and messages took15 milliseconds
Find all reader and writers took 138 milliseconds
Script Module: UnityEngine.Purchasing.AppleStub.dll
Weave sync objects took 0 milliseconds
Weave behaviours and messages took0 milliseconds
Find all reader and writers took 131 milliseconds
Script Module: UnityEditor.TestRunner.dll
Weave sync objects took 36 milliseconds
Weave behaviours and messages took37 milliseconds
Find all reader and writers took 134 milliseconds
Script Module: SteamVR_Input_Editor.dll
Weave sync objects took 28 milliseconds
Weave behaviours and messages took29 milliseconds
Find all reader and writers took 141 milliseconds
Script Module: UnityEditor.Purchasing.dll
Weave sync objects took 27 milliseconds
Weave behaviours and messages took28 milliseconds
Find all reader and writers took 133 milliseconds
Script Module: Mirror.CompilerSymbols.dll
Weave sync objects took 0 milliseconds
Weave behaviours and messages took0 milliseconds
Find all reader and writers took 133 milliseconds
Script Module: UnityEditor.UI.dll
Weave sync objects took 27 milliseconds
Weave behaviours and messages took28 milliseconds
Find all reader and writers took 140 milliseconds
Script Module: UnityEditor.SpatialTracking.dll
Weave sync objects took 29 milliseconds
Weave behaviours and messages took30 milliseconds
Find all reader and writers took 136 milliseconds
Script Module: UnityEditor.XR.LegacyInputHelpers.dll
Weave sync objects took 28 milliseconds
Weave behaviours and messages took29 milliseconds
Find all reader and writers took 137 milliseconds
Script Module: SteamVR_Editor.dll
Weave sync objects took 28 milliseconds
Weave behaviours and messages took29 milliseconds
Find all reader and writers took 138 milliseconds
Script Module: awrtc_editor.dll
Weave sync objects took 0 milliseconds
Weave behaviours and messages took0 milliseconds
Find all reader and writers took 146 milliseconds
Script Module: Analytics.dll
Weave sync objects took 0 milliseconds
Weave behaviours and messages took0 milliseconds
Find all reader and writers took 132 milliseconds
Script Module: SteamVR_Windows_EditorHelper.dll
Weave sync objects took 0 milliseconds
Weave behaviours and messages took0 milliseconds
Mono: successfully reloaded assembly
- Completed reload, in 16.104 seconds
Domain Reload Profiling:
	ReloadAssembly (16105ms)
		BeginReloadAssembly (191ms)
			ExecutionOrderSort (0ms)
			DisableScriptedObjects (6ms)
			BackupInstance (0ms)
			ReleaseScriptingObjects (0ms)
			CreateAndSetChildDomain (22ms)
		EndReloadAssembly (15832ms)
			LoadAssemblies (149ms)
			RebuildTransferFunctionScriptingTraits (0ms)
			SetupTypeCache (470ms)
			ReleaseScriptCaches (1ms)
			RebuildScriptCaches (66ms)
			SetupLoadedEditorAssemblies (15006ms)
				LogAssemblyErrors (0ms)
				InitializePlatformSupportModulesInManaged (5ms)
				SetLoadedEditorAssemblies (1ms)
				RefreshPlugins (2ms)
				BeforeProcessingInitializeOnLoad (150ms)
				ProcessInitializeOnLoadAttributes (295ms)
				ProcessInitializeOnLoadMethodAttributes (14542ms)
				AfterProcessingInitializeOnLoad (12ms)
				EditorAssembliesLoaded (0ms)
			ExecutionOrderSort2 (0ms)
			AwakeInstancesAfterBackupRestoration (8ms)
Platform modules already initialized, skipping
========================================================================
Worker process is ready to serve import requests
Launched and connected shader compiler UnityShaderCompiler.exe after 0.06 seconds
Refreshing native plugins compatible for Editor in 1.45 ms, found 11 plugins.
Preloading 1 native plugins for Editor in 0.62 ms.
Unloading 3305 Unused Serialized files (Serialized files now loaded: 0)
System memory in use before: 131.4 MB.
System memory in use after: 131.5 MB.

Unloading 88 unused Assets to reduce memory usage. Loaded Objects now: 3687.
Total: 12.076800 ms (FindLiveObjects: 0.409000 ms CreateObjectMapping: 0.301300 ms MarkObjects: 11.187400 ms  DeleteObjects: 0.177900 ms)

AssetImportParameters requested are different than current active one (requested -> active):
  custom:framework-win-MediaFoundation: 216162199b28c13a410421893ffa2e32 -> 
  custom:video-decoder-ogg-theora: a1e56fd34408186e4bbccfd4996cb3dc -> 
  custom:container-muxer-webm: aa71ff27fc2769a1b78a27578f13a17b -> 
  custom:container-demuxer-webm: 4f35f7cbe854078d1ac9338744f61a02 -> 
  custom:container-demuxer-ogg: 62fdf1f143b41e24485cea50d1cbac27 -> 
  custom:video-encoder-webm-vp8: eb34c28f22e8b96e1ab97ce403110664 -> 
  custom:video-decoder-webm-vp8: 9c59270c3fd7afecdb556c50c9e8de78 -> 
  custom:audio-decoder-ogg-vorbis: bf7c407c2cedff20999df2af8eb42d56 -> 
  custom:audio-encoder-webm-vorbis: bf7c407c2cedff20999df2af8eb42d56 -> 
========================================================================
Received Import Request.
  path: Assets/VideoPlaybackRenderTexture.renderTexture
  artifactKey: Guid(a42fdc43a0d927a46afb8880b8b27f7d) Importer(815301076,1909f56bfc062723c751e8b465ee728b)
Start importing Assets/VideoPlaybackRenderTexture.renderTexture using Guid(a42fdc43a0d927a46afb8880b8b27f7d) Importer(815301076,1909f56bfc062723c751e8b465ee728b)  -> (artifact id: '95ba59c522a57624bca5ba3462c12d28') in 0.142927 seconds 
  Import took 0.149374 seconds .

========================================================================
Received Import Request.
  Time since last request: 0.000244 seconds.
  path: Assets/VideoRenderTexture.renderTexture
  artifactKey: Guid(a4dae89f3cb2b294e93556d9fcc1ab61) Importer(815301076,1909f56bfc062723c751e8b465ee728b)
Start importing Assets/VideoRenderTexture.renderTexture using Guid(a4dae89f3cb2b294e93556d9fcc1ab61) Importer(815301076,1909f56bfc062723c751e8b465ee728b)  -> (artifact id: 'cd8773dcef717de7eebf79cadd9abf11') in 0.027440 seconds 
  Import took 0.033908 seconds .

========================================================================
Received Import Request.
  Time since last request: 0.000366 seconds.
  path: Assets/Technorama wait.mp4
  artifactKey: Guid(d497c66c04f466f47977ec6ae74c03a8) Importer(815301076,1909f56bfc062723c751e8b465ee728b)
Start importing Assets/Technorama wait.mp4 using Guid(d497c66c04f466f47977ec6ae74c03a8) Importer(815301076,1909f56bfc062723c751e8b465ee728b)  -> (artifact id: '22354759c4b488940ebf17bbc82d4629') in 0.072874 seconds 
  Import took 0.079849 seconds .

========================================================================
Received Import Request.
  Time since last request: 0.000257 seconds.
  path: Assets/Technorama welcome.mp4
  artifactKey: Guid(f7df16fe524bcc64782ec1975647465e) Importer(815301076,1909f56bfc062723c751e8b465ee728b)
Start importing Assets/Technorama welcome.mp4 using Guid(f7df16fe524bcc64782ec1975647465e) Importer(815301076,1909f56bfc062723c751e8b465ee728b)  -> (artifact id: '032a06c24b933fec6749e6fba13f63b8') in 0.011489 seconds 
  Import took 0.020047 seconds .

========================================================================
Received Import Request.
  Time since last request: 0.000258 seconds.
  path: Assets/ExperimentData.asset
  artifactKey: Guid(ba2d3d06b50e59040b6ea91d09ced951) Importer(815301076,1909f56bfc062723c751e8b465ee728b)
Start importing Assets/ExperimentData.asset using Guid(ba2d3d06b50e59040b6ea91d09ced951) Importer(815301076,1909f56bfc062723c751e8b465ee728b)  -> (artifact id: 'f44668c812a1585e2404a3f5571f508e') in 0.018191 seconds 
  Import took 0.024389 seconds .

========================================================================
Received Import Request.
  Time since last request: 0.000187 seconds.
  path: Assets/InstructionsDisplayVideoRenderTexture.renderTexture
  artifactKey: Guid(03e2c8f7b6d70be40a33c230cf4522fe) Importer(815301076,1909f56bfc062723c751e8b465ee728b)
Start importing Assets/InstructionsDisplayVideoRenderTexture.renderTexture using Guid(03e2c8f7b6d70be40a33c230cf4522fe) Importer(815301076,1909f56bfc062723c751e8b465ee728b)  -> (artifact id: 'acda4ad35817e3c8a80162eb1ecfedd9') in 0.025138 seconds 
  Import took 0.033023 seconds .

========================================================================
Received Import Request.
  Time since last request: 0.000241 seconds.
  path: Assets/S0_O0_ML.bmp
  artifactKey: Guid(da2400f4b8d8f7b4e8b7aceecae5a92d) Importer(815301076,1909f56bfc062723c751e8b465ee728b)
Start importing Assets/S0_O0_ML.bmp using Guid(da2400f4b8d8f7b4e8b7aceecae5a92d) Importer(815301076,1909f56bfc062723c751e8b465ee728b)  -> (artifact id: '67b46b430c2d1c77bda2534093db4429') in 0.041939 seconds 
  Import took 0.048943 seconds .

========================================================================
Received Prepare
Registering precompiled user dll's ...
Registered in 0.035306 seconds.
Begin MonoManager ReloadAssembly
Symbol file LoadedFromMemory doesn't match image C:\Users\BAL_Aut_Swap_2\Documents\The-Machine-to-be-Another-Unity\Assets\WebRtcVideoChat\Plugins\Byn.Awrtc.Native.dll
Symbol file LoadedFromMemory doesn't match image C:\Users\BAL_Aut_Swap_2\Documents\The-Machine-to-be-Another-Unity\Assets\WebRtcVideoChat\Plugins\WebRtcCSharp.dll
Symbol file LoadedFromMemory doesn't match image C:\Users\BAL_Aut_Swap_2\Documents\The-Machine-to-be-Another-Unity\Assets\WebRtcVideoChat\Plugins\Byn.Awrtc.dll
Native extension for WindowsStandalone target not found
Refreshing native plugins compatible for Editor in 1.48 ms, found 11 plugins.
Preloading 1 native plugins for Editor in 0.15 ms.
System.Reflection.TargetInvocationException: Exception has been thrown by the target of an invocation. ---> System.NullReferenceException: Object reference not set to an instance of an object
  at Unity.XR.Oculus.OculusLoader.AssetPathToAbsolutePath (System.String assetPath) [0x00048] in C:\Users\BAL_Aut_Swap_2\Documents\The-Machine-to-be-Another-Unity\Library\PackageCache\com.unity.xr.oculus@1.11.2\Runtime\OculusLoader.cs:250 
  at Unity.XR.Oculus.OculusLoader.EditorLoadOVRPlugin () [0x0007b] in C:\Users\BAL_Aut_Swap_2\Documents\The-Machine-to-be-Another-Unity\Library\PackageCache\com.unity.xr.oculus@1.11.2\Runtime\OculusLoader.cs:235 
  at (wrapper managed-to-native) System.Reflection.MonoMethod.InternalInvoke(System.Reflection.MonoMethod,object,object[],System.Exception&)
  at System.Reflection.MonoMethod.Invoke (System.Object obj, System.Reflection.BindingFlags invokeAttr, System.Reflection.Binder binder, System.Object[] parameters, System.Globalization.CultureInfo culture) [0x00032] in <695d1cc93cca45069c528c15c9fdd749>:0 
   --- End of inner exception stack trace ---
  at System.Reflection.MonoMethod.Invoke (System.Object obj, System.Reflection.BindingFlags invokeAttr, System.Reflection.Binder binder, System.Object[] parameters, System.Globalization.CultureInfo culture) [0x00048] in <695d1cc93cca45069c528c15c9fdd749>:0 
  at System.Reflection.MethodBase.Invoke (System.Object obj, System.Object[] parameters) [0x00000] in <695d1cc93cca45069c528c15c9fdd749>:0 
  at UnityEditor.EditorAssemblies.ProcessInitializeOnLoadMethodAttributes () [0x00047] in <55729f52d042492e9efc384182ae2feb>:0 
UnityEngine.StackTraceUtility:ExtractStackTrace ()
UnityEngine.DebugLogHandler:LogFormat (UnityEngine.LogType,UnityEngine.Object,string,object[])
UnityEngine.Logger:Log (UnityEngine.LogType,object)
UnityEngine.Debug:LogError (object)
UnityEditor.EditorAssemblies:ProcessInitializeOnLoadMethodAttributes ()

Mono: successfully reloaded assembly
- Completed reload, in  1.608 seconds
Domain Reload Profiling:
	ReloadAssembly (1608ms)
		BeginReloadAssembly (155ms)
			ExecutionOrderSort (0ms)
			DisableScriptedObjects (7ms)
			BackupInstance (0ms)
			ReleaseScriptingObjects (0ms)
			CreateAndSetChildDomain (55ms)
		EndReloadAssembly (1374ms)
			LoadAssemblies (139ms)
			RebuildTransferFunctionScriptingTraits (0ms)
			SetupTypeCache (458ms)
			ReleaseScriptCaches (2ms)
			RebuildScriptCaches (85ms)
			SetupLoadedEditorAssemblies (554ms)
				LogAssemblyErrors (0ms)
				InitializePlatformSupportModulesInManaged (5ms)
				SetLoadedEditorAssemblies (1ms)
				RefreshPlugins (2ms)
				BeforeProcessingInitializeOnLoad (154ms)
				ProcessInitializeOnLoadAttributes (272ms)
				ProcessInitializeOnLoadMethodAttributes (111ms)
				AfterProcessingInitializeOnLoad (9ms)
				EditorAssembliesLoaded (0ms)
			ExecutionOrderSort2 (0ms)
			AwakeInstancesAfterBackupRestoration (8ms)
Platform modules already initialized, skipping
Refreshing native plugins compatible for Editor in 1.58 ms, found 11 plugins.
Preloading 1 native plugins for Editor in 0.37 ms.
Unloading 3227 Unused Serialized files (Serialized files now loaded: 0)
System memory in use before: 131.5 MB.
System memory in use after: 131.6 MB.

Unloading 79 unused Assets to reduce memory usage. Loaded Objects now: 3696.
Total: 7.897200 ms (FindLiveObjects: 0.397400 ms CreateObjectMapping: 0.190300 ms MarkObjects: 7.175200 ms  DeleteObjects: 0.133300 ms)

AssetImportParameters requested are different than current active one (requested -> active):
  custom:framework-win-MediaFoundation: 216162199b28c13a410421893ffa2e32 -> 
  custom:video-decoder-ogg-theora: a1e56fd34408186e4bbccfd4996cb3dc -> 
  custom:container-muxer-webm: aa71ff27fc2769a1b78a27578f13a17b -> 
  custom:container-demuxer-webm: 4f35f7cbe854078d1ac9338744f61a02 -> 
  custom:container-demuxer-ogg: 62fdf1f143b41e24485cea50d1cbac27 -> 
  custom:video-encoder-webm-vp8: eb34c28f22e8b96e1ab97ce403110664 -> 
  custom:video-decoder-webm-vp8: 9c59270c3fd7afecdb556c50c9e8de78 -> 
  custom:audio-decoder-ogg-vorbis: bf7c407c2cedff20999df2af8eb42d56 -> 
  custom:audio-encoder-webm-vorbis: bf7c407c2cedff20999df2af8eb42d56 -> 
========================================================================
Received Import Request.
  Time since last request: 1590.919787 seconds.
  path: Assets/Scenes/BodySwap.unity
  artifactKey: Guid(2fa6307baf37ee441a1c78d4858d25a5) Importer(815301076,1909f56bfc062723c751e8b465ee728b)
Start importing Assets/Scenes/BodySwap.unity using Guid(2fa6307baf37ee441a1c78d4858d25a5) Importer(815301076,1909f56bfc062723c751e8b465ee728b)  -> (artifact id: '813edb0d5553f7f6dd54da2e262d6317') in 0.040137 seconds 
  Import took 0.053056 seconds .

========================================================================
Received Prepare
Registering precompiled user dll's ...
Registered in 0.041446 seconds.
Begin MonoManager ReloadAssembly
Symbol file LoadedFromMemory doesn't match image C:\Users\BAL_Aut_Swap_2\Documents\The-Machine-to-be-Another-Unity\Assets\WebRtcVideoChat\Plugins\Byn.Awrtc.Native.dll
Symbol file LoadedFromMemory doesn't match image C:\Users\BAL_Aut_Swap_2\Documents\The-Machine-to-be-Another-Unity\Assets\WebRtcVideoChat\Plugins\WebRtcCSharp.dll
Symbol file LoadedFromMemory doesn't match image C:\Users\BAL_Aut_Swap_2\Documents\The-Machine-to-be-Another-Unity\Assets\WebRtcVideoChat\Plugins\Byn.Awrtc.dll
Native extension for WindowsStandalone target not found
Refreshing native plugins compatible for Editor in 1.62 ms, found 11 plugins.
Preloading 1 native plugins for Editor in 0.22 ms.
System.Reflection.TargetInvocationException: Exception has been thrown by the target of an invocation. ---> System.NullReferenceException: Object reference not set to an instance of an object
  at Unity.XR.Oculus.OculusLoader.AssetPathToAbsolutePath (System.String assetPath) [0x00048] in C:\Users\BAL_Aut_Swap_2\Documents\The-Machine-to-be-Another-Unity\Library\PackageCache\com.unity.xr.oculus@1.11.2\Runtime\OculusLoader.cs:250 
  at Unity.XR.Oculus.OculusLoader.EditorLoadOVRPlugin () [0x0007b] in C:\Users\BAL_Aut_Swap_2\Documents\The-Machine-to-be-Another-Unity\Library\PackageCache\com.unity.xr.oculus@1.11.2\Runtime\OculusLoader.cs:235 
  at (wrapper managed-to-native) System.Reflection.MonoMethod.InternalInvoke(System.Reflection.MonoMethod,object,object[],System.Exception&)
  at System.Reflection.MonoMethod.Invoke (System.Object obj, System.Reflection.BindingFlags invokeAttr, System.Reflection.Binder binder, System.Object[] parameters, System.Globalization.CultureInfo culture) [0x00032] in <695d1cc93cca45069c528c15c9fdd749>:0 
   --- End of inner exception stack trace ---
  at System.Reflection.MonoMethod.Invoke (System.Object obj, System.Reflection.BindingFlags invokeAttr, System.Reflection.Binder binder, System.Object[] parameters, System.Globalization.CultureInfo culture) [0x00048] in <695d1cc93cca45069c528c15c9fdd749>:0 
  at System.Reflection.MethodBase.Invoke (System.Object obj, System.Object[] parameters) [0x00000] in <695d1cc93cca45069c528c15c9fdd749>:0 
  at UnityEditor.EditorAssemblies.ProcessInitializeOnLoadMethodAttributes () [0x00047] in <55729f52d042492e9efc384182ae2feb>:0 
UnityEngine.StackTraceUtility:ExtractStackTrace ()
UnityEngine.DebugLogHandler:LogFormat (UnityEngine.LogType,UnityEngine.Object,string,object[])
UnityEngine.Logger:Log (UnityEngine.LogType,object)
UnityEngine.Debug:LogError (object)
UnityEditor.EditorAssemblies:ProcessInitializeOnLoadMethodAttributes ()

Mono: successfully reloaded assembly
- Completed reload, in  2.175 seconds
Domain Reload Profiling:
	ReloadAssembly (2176ms)
		BeginReloadAssembly (201ms)
			ExecutionOrderSort (0ms)
			DisableScriptedObjects (10ms)
			BackupInstance (0ms)
			ReleaseScriptingObjects (0ms)
			CreateAndSetChildDomain (78ms)
		EndReloadAssembly (1868ms)
			LoadAssemblies (190ms)
			RebuildTransferFunctionScriptingTraits (0ms)
			SetupTypeCache (620ms)
			ReleaseScriptCaches (3ms)
			RebuildScriptCaches (115ms)
			SetupLoadedEditorAssemblies (749ms)
				LogAssemblyErrors (0ms)
				InitializePlatformSupportModulesInManaged (8ms)
				SetLoadedEditorAssemblies (1ms)
				RefreshPlugins (2ms)
				BeforeProcessingInitializeOnLoad (194ms)
				ProcessInitializeOnLoadAttributes (373ms)
				ProcessInitializeOnLoadMethodAttributes (159ms)
				AfterProcessingInitializeOnLoad (12ms)
				EditorAssembliesLoaded (0ms)
			ExecutionOrderSort2 (0ms)
			AwakeInstancesAfterBackupRestoration (13ms)
Platform modules already initialized, skipping
Refreshing native plugins compatible for Editor in 1.93 ms, found 11 plugins.
Preloading 1 native plugins for Editor in 0.17 ms.
Unloading 3227 Unused Serialized files (Serialized files now loaded: 0)
System memory in use before: 132.5 MB.
System memory in use after: 132.7 MB.

Unloading 79 unused Assets to reduce memory usage. Loaded Objects now: 3699.
Total: 10.014500 ms (FindLiveObjects: 0.291100 ms CreateObjectMapping: 0.208100 ms MarkObjects: 9.249500 ms  DeleteObjects: 0.264100 ms)

AssetImportParameters requested are different than current active one (requested -> active):
  custom:framework-win-MediaFoundation: 216162199b28c13a410421893ffa2e32 -> 
  custom:video-decoder-ogg-theora: a1e56fd34408186e4bbccfd4996cb3dc -> 
  custom:container-muxer-webm: aa71ff27fc2769a1b78a27578f13a17b -> 
  custom:container-demuxer-webm: 4f35f7cbe854078d1ac9338744f61a02 -> 
  custom:container-demuxer-ogg: 62fdf1f143b41e24485cea50d1cbac27 -> 
  custom:video-encoder-webm-vp8: eb34c28f22e8b96e1ab97ce403110664 -> 
  custom:video-decoder-webm-vp8: 9c59270c3fd7afecdb556c50c9e8de78 -> 
  custom:audio-decoder-ogg-vorbis: bf7c407c2cedff20999df2af8eb42d56 -> 
  custom:audio-encoder-webm-vorbis: bf7c407c2cedff20999df2af8eb42d56 -> 
